<?xml version="1.0" encoding="UTF-8"?>
<!-- Generated by org.testng.reporters.JUnitXMLReporter -->
<testsuite ignored="0" hostname="DESKTOP-88A1DLB" failures="0" tests="9" name="GoRestTests" time="13.557" errors="0" timestamp="2024-05-26T13:42:50 WIB">
  <testcase classname="api.user.test.AuthenticationsUserTest" name="testBearerTokenAuthentication" time="3.797"/>
  <testcase classname="api.user.test.ReadUserTest" name="testGettUser" time="2.55"/>
  <testcase classname="api.user.test.UpdateUserTest" name="testUpdateUser" time="1.314"/>
  <testcase classname="api.post.test.AuthenticationsPostTest" name="testBearerTokenAuthenticationPost" time="0.887"/>
  <testcase classname="api.post.test.CreatePostTest" name="testPostPost" time="0.886"/>
  <testcase classname="api.post.test.ReadPostTest" name="testGetPost" time="0.832"/>
  <testcase classname="api.comment.test.AuthenticationsCommentTest" name="testBearerTokenAuthenticationComment" time="0.89"/>
  <testcase classname="api.comment.test.CreateCommentTest" name="testPostComment" time="0.923"/>
  <testcase classname="api.comment.test.ReadCommentTest" name="testGetComment" time="0.95"/>
</testsuite> <!-- GoRestTests -->
